2026-02-18 14:14:44,682 INFO o.h.v.i.u.Version [background-preinit] HV000001: Hibernate Validator 8.0.3.Final
2026-02-18 14:14:44,742 INFO o.s.b.StartupInfoLogger [main] Starting Application using Java 21.0.4 with PID 18324 (C:\Users\fdezd\OneDrive\Desktop\2DAM\TFG\backend\target\classes started by fdezd in C:\Users\fdezd\OneDrive\Desktop\2DAM\TFG\backend)
2026-02-18 14:14:44,742 INFO o.s.b.SpringApplication [main] No active profile set, falling back to 1 default profile: "default"
2026-02-18 14:14:45,401 INFO o.s.d.r.c.RepositoryConfigurationDelegate [main] Bootstrapping Spring Data JPA repositories in DEFAULT mode.
2026-02-18 14:14:45,475 INFO o.s.d.r.c.RepositoryConfigurationDelegate [main] Finished Spring Data repository scanning in 56 ms. Found 6 JPA repository interfaces.
2026-02-18 14:14:46,118 INFO o.s.b.w.e.t.TomcatWebServer [main] Tomcat initialized with port 8080 (http)
2026-02-18 14:14:46,118 INFO o.a.j.l.DirectJDKLog [main] Initializing ProtocolHandler ["http-nio-8080"]
2026-02-18 14:14:46,134 INFO o.a.j.l.DirectJDKLog [main] Starting service [Tomcat]
2026-02-18 14:14:46,134 INFO o.a.j.l.DirectJDKLog [main] Starting Servlet engine: [Apache Tomcat/10.1.48]
2026-02-18 14:14:46,202 INFO o.a.j.l.DirectJDKLog [main] Initializing Spring embedded WebApplicationContext
2026-02-18 14:14:46,202 INFO o.s.b.w.s.c.ServletWebServerApplicationContext [main] Root WebApplicationContext: initialization completed in 1419 ms
2026-02-18 14:14:46,326 INFO o.h.j.i.u.LogHelper [main] HHH000204: Processing PersistenceUnitInfo [name: default]
2026-02-18 14:14:46,397 INFO o.h.Version [main] HHH000412: Hibernate ORM core version 6.6.33.Final
2026-02-18 14:14:46,431 INFO o.h.c.i.RegionFactoryInitiator [main] HHH000026: Second-level cache disabled
2026-02-18 14:14:46,706 INFO o.s.o.j.p.SpringPersistenceUnitInfo [main] No LoadTimeWeaver setup: ignoring JPA class transformer
2026-02-18 14:14:46,736 INFO c.z.h.HikariDataSource [main] HikariPool-1 - Starting...
2026-02-18 14:14:46,851 INFO c.z.h.p.HikariPool [main] HikariPool-1 - Added connection org.mariadb.jdbc.Connection@54275b5d
2026-02-18 14:14:46,853 INFO c.z.h.HikariDataSource [main] HikariPool-1 - Start completed.
2026-02-18 14:14:46,885 WARN o.h.e.j.d.i.DialectFactoryImpl [main] HHH90000025: MariaDBDialect does not need to be specified explicitly using 'hibernate.dialect' (remove the property setting and it will be selected by default)
2026-02-18 14:14:46,905 INFO o.h.e.j.e.i.JdbcEnvironmentInitiator [main] HHH10001005: Database info:
	Database JDBC URL [Connecting through datasource 'HikariDataSource (HikariPool-1)']
	Database driver: undefined/unknown
	Database version: 11.3.2
	Autocommit mode: undefined/unknown
	Isolation level: undefined/unknown
	Minimum pool size: undefined/unknown
	Maximum pool size: undefined/unknown
2026-02-18 14:14:47,808 INFO o.h.e.t.j.p.i.JtaPlatformInitiator [main] HHH000489: No JTA platform available (set 'hibernate.transaction.jta.platform' to enable JTA platform integration)
2026-02-18 14:14:48,044 INFO o.s.o.j.AbstractEntityManagerFactoryBean [main] Initialized JPA EntityManagerFactory for persistence unit 'default'
2026-02-18 14:14:48,386 INFO o.s.d.j.r.q.QueryEnhancerFactory [main] Hibernate is in classpath; If applicable, HQL parser will be used.
2026-02-18 14:14:49,400 WARN o.s.b.a.o.j.JpaBaseConfiguration$JpaWebConfiguration [main] spring.jpa.open-in-view is enabled by default. Therefore, database queries may be performed during view rendering. Explicitly configure spring.jpa.open-in-view to disable this warning
2026-02-18 14:14:49,441 WARN o.s.b.a.s.s.UserDetailsServiceAutoConfiguration [main] 

Using generated security password: f639f108-9802-4a4d-884e-4a54b7b4bc09

This generated password is for development use only. Your security configuration must be updated before running your application in production.

2026-02-18 14:14:49,447 INFO o.s.s.c.a.a.c.InitializeUserDetailsBeanManagerConfigurer$InitializeUserDetailsManagerConfigurer [main] Global AuthenticationManager configured with UserDetailsService bean with name inMemoryUserDetailsManager
2026-02-18 14:14:49,892 INFO o.a.j.l.DirectJDKLog [main] Starting ProtocolHandler ["http-nio-8080"]
2026-02-18 14:14:49,909 INFO o.s.b.w.e.t.TomcatWebServer [main] Tomcat started on port 8080 (http) with context path '/'
2026-02-18 14:14:49,915 INFO o.s.b.StartupInfoLogger [main] Started Application in 5.719 seconds (process running for 6.08)
2026-02-18 14:14:57,765 INFO o.a.j.l.DirectJDKLog [http-nio-8080-exec-5] Initializing Spring DispatcherServlet 'dispatcherServlet'
2026-02-18 14:14:57,767 INFO o.s.w.s.FrameworkServlet [http-nio-8080-exec-5] Initializing Servlet 'dispatcherServlet'
2026-02-18 14:14:57,768 INFO o.s.w.s.FrameworkServlet [http-nio-8080-exec-5] Completed initialization in 1 ms
2026-02-18 14:15:31,755 INFO c.s.R.c.RequestLoggingFilter [http-nio-8080-exec-8] HTTP GET /professionals -> 200 (101 ms)
